packages/drive-detector/android/build/intermediates/manifest_merge_blame_file/release/processReleaseManifest/manifest-merger-blame-release-report.txt
1<?xml version="1.0" encoding="utf-8"?>
2<manifest xmlns:android="http://schemas.android.com/apk/res/android"
3    package="sk.faktero.drivedetector" >
4
5    <uses-sdk android:minSdkVersion="24" />
6
7    <!--
8      Poloha na pozadí je jadro celej veci: jazda sa má zapísať aj vtedy, keď
9      má človek telefón vo vrecku. Google Play si to pri odovzdaní vyžiada
10      obhájiť formulárom aj videom — bez toho appku nezverejní.
11    -->
12    <uses-permission android:name="android.permission.ACCESS_COARSE_LOCATION" />
12-->src/main/AndroidManifest.xml:9:5-81
12-->src/main/AndroidManifest.xml:9:22-78
13    <uses-permission android:name="android.permission.ACCESS_FINE_LOCATION" />
13-->src/main/AndroidManifest.xml:10:5-79
13-->src/main/AndroidManifest.xml:10:22-76
14    <uses-permission android:name="android.permission.ACCESS_BACKGROUND_LOCATION" />
14-->src/main/AndroidManifest.xml:11:5-85
14-->src/main/AndroidManifest.xml:11:22-82
15
16    <!-- Rozpoznanie jazdy autom. Nepovinné — bez neho sa len dlhšie drží prah. -->
17    <uses-permission android:name="android.permission.ACTIVITY_RECOGNITION" />
17-->src/main/AndroidManifest.xml:14:5-79
17-->src/main/AndroidManifest.xml:14:22-76
18
19    <!--
20      Bez služby v popredí systém meranie po pár minútach zastaví. Od Androidu
21      14 treba aj typ služby, inak sa štart odmietne výnimkou.
22    -->
23    <uses-permission android:name="android.permission.FOREGROUND_SERVICE" />
23-->src/main/AndroidManifest.xml:20:5-77
23-->src/main/AndroidManifest.xml:20:22-74
24    <uses-permission android:name="android.permission.FOREGROUND_SERVICE_LOCATION" />
24-->src/main/AndroidManifest.xml:21:5-86
24-->src/main/AndroidManifest.xml:21:22-83
25    <uses-permission android:name="android.permission.POST_NOTIFICATIONS" />
25-->src/main/AndroidManifest.xml:22:5-77
25-->src/main/AndroidManifest.xml:22:22-74
26    <!-- Rozpracovaná jazda musí po reštarte telefónu pokračovať. -->
27    <uses-permission android:name="android.permission.RECEIVE_BOOT_COMPLETED" />
27-->src/main/AndroidManifest.xml:24:5-81
27-->src/main/AndroidManifest.xml:24:22-78
28
29    <application>
29-->src/main/AndroidManifest.xml:26:5-44:19
30        <service
30-->src/main/AndroidManifest.xml:27:9-30:56
31            android:name="sk.faktero.drivedetector.DriveDetectorService"
31-->src/main/AndroidManifest.xml:28:13-73
32            android:exported="false"
32-->src/main/AndroidManifest.xml:29:13-37
33            android:foregroundServiceType="location" />
33-->src/main/AndroidManifest.xml:30:13-53
34
35        <!-- Tri tlačidlá v notifikácii. Musia fungovať, aj keď appka nebeží. -->
36        <receiver
36-->src/main/AndroidManifest.xml:33:9-35:40
37            android:name="sk.faktero.drivedetector.DriveActionReceiver"
37-->src/main/AndroidManifest.xml:34:13-72
38            android:exported="false" />
38-->src/main/AndroidManifest.xml:35:13-37
39        <receiver
39-->src/main/AndroidManifest.xml:37:9-43:20
40            android:name="sk.faktero.drivedetector.BootReceiver"
40-->src/main/AndroidManifest.xml:38:13-65
41            android:exported="true" >
41-->src/main/AndroidManifest.xml:39:13-36
42            <intent-filter>
42-->src/main/AndroidManifest.xml:40:13-42:29
43                <action android:name="android.intent.action.BOOT_COMPLETED" />
43-->src/main/AndroidManifest.xml:41:17-79
43-->src/main/AndroidManifest.xml:41:25-76
44            </intent-filter>
45        </receiver>
46    </application>
47
48</manifest>